GROUP,PACKAGE,CLASS,INSTRUCTION_MISSED,INSTRUCTION_COVERED,BRANCH_MISSED,BRANCH_COVERED,LINE_MISSED,LINE_COVERED,COMPLEXITY_MISSED,COMPLEXITY_COVERED,METHOD_MISSED,METHOD_COVERED
2048-game,ar.edu.unrc.game2048,NonDeterministicPlacement,0,47,0,4,0,9,0,4,0,2
2048-game,ar.edu.unrc.game2048,Cell,6,107,1,21,1,21,1,19,0,9
2048-game,ar.edu.unrc.game2048,Position,6,56,0,10,1,11,1,8,1,3
2048-game,ar.edu.unrc.game2048,Board,0,1020,5,139,0,187,5,93,0,26
2048-game,ar.edu.unrc.game2048,DeterministicPlacement,0,38,0,6,0,8,0,5,0,2
2048-game,ar.edu.unrc.game2048,MainCLI,130,0,13,0,44,0,12,0,4,0
